<?xml version="1.0" encoding="UTF-8"?>
<testsuites>
  <testsuite name="/app/phpunit.xml.dist" tests="3" assertions="4" errors="0" failures="0" skipped="0" time="2.914775">
    <testsuite name="Codejutsu1/LaravelVtuNg Test Suite" tests="3" assertions="4" errors="0" failures="0" skipped="0" time="2.914775">
      <testsuite name="Tests\ExampleTest" file="tests/ExampleTest.php" tests="1" assertions="1" errors="0" failures="0" skipped="0" time="0.262756">
        <testcase name="it can test" file="tests/ExampleTest.php::it can test" class="Tests\ExampleTest" classname="Tests.ExampleTest" assertions="1" time="0.262756"/>
      </testsuite>
      <testsuite name="Tests\VtuTest\ElectricityTest" file="tests/VtuTest/ElectricityTest.php" tests="1" assertions="0" errors="0" failures="0" skipped="0" time="2.516924">
        <testcase name="it buy electricity" file="tests/VtuTest/ElectricityTest.php::it buy electricity" class="Tests\VtuTest\ElectricityTest" classname="Tests.VtuTest.ElectricityTest" assertions="0" time="2.516924"/>
      </testsuite>
      <testsuite name="Tests\ArchTest" file="tests/ArchTest.php" tests="1" assertions="3" errors="0" failures="0" skipped="0" time="0.135095">
        <testcase name="it will not use debugging functions" file="tests/ArchTest.php::it will not use debugging functions" class="Tests\ArchTest" classname="Tests.ArchTest" assertions="3" time="0.135095"/>
      </testsuite>
    </testsuite>
  </testsuite>
</testsuites>
