<?xml version="1.0" encoding="UTF-8"?>
<testsuites>
  <testsuite name="/app/phpunit.xml.dist" tests="3" assertions="5" errors="0" failures="0" skipped="0" time="0.402865">
    <testsuite name="Codejutsu1/LaravelVtuNg Test Suite" tests="3" assertions="5" errors="0" failures="0" skipped="0" time="0.402865">
      <testsuite name="Tests\ArchTest" file="tests/ArchTest.php" tests="1" assertions="3" errors="0" failures="0" skipped="0" time="0.358907">
        <testcase name="it will not use debugging functions" file="tests/ArchTest.php::it will not use debugging functions" class="Tests\ArchTest" classname="Tests.ArchTest" assertions="3" time="0.358907"/>
      </testsuite>
      <testsuite name="Tests\ExampleTest" file="tests/ExampleTest.php" tests="2" assertions="2" errors="0" failures="0" skipped="0" time="0.043958">
        <testcase name="it can be used to develop a package" file="tests/ExampleTest.php::it can be used to develop a package" class="Tests\ExampleTest" classname="Tests.ExampleTest" assertions="1" time="0.031568"/>
        <testcase name="it can test" file="tests/ExampleTest.php::it can test" class="Tests\ExampleTest" classname="Tests.ExampleTest" assertions="1" time="0.012391"/>
      </testsuite>
    </testsuite>
  </testsuite>
</testsuites>
